2026-04-27 16:30:25,679 [INFO] auto_runner_started at=2026-04-27T16:30:25 interval_minutes=0 max_runs=0 continue_on_error=False
2026-04-27 16:30:25,680 [INFO] run_started run_no=1
2026-04-27 16:30:25,711 [INFO] scraper_task_started source=dospara_parts env=development url=https://www.dospara.co.jp/parts timeout=20 max_items=120
2026-04-27 16:37:26,360 [INFO] scraper_task_completed source=dospara_parts fetched=538 created=28 updated=510 normalized=0 merged=0 gpu_perf={'status': 'success', 'source': 'dospara_gpu_performance_page', 'entries': 103, 'snapshot_id': 5, 'saved_entries': 87, 'legacy_specs_sync_enabled': False, 'matched': 0, 'updated': 0, 'skipped': 0} market_range={'status': 'success', 'snapshot_id': 3, 'min': 178980, 'max': 1299980, 'default': 724480} cpu_selection={'status': 'success', 'snapshot_id': 191, 'entry_count': 340, 'excluded_count': 33}
2026-04-27 16:37:26,362 [INFO] run_completed run_no=1 elapsed_sec=420.67 result={"status": "success", "source": "dospara_parts", "fetched": 538, "created": 28, "updated": 510, "normalized": 0, "merged": 0, "gpu_perf": {"status": "success", "source": "dospara_gpu_performance_page", "entries": 103, "snapshot_id": 5, "saved_entries": 87, "legacy_specs_sync_enabled": false, "matched": 0, "updated": 0, "skipped": 0}, "market_range": {"status": "success", "snapshot_id": 3, "min": 178980, "max": 1299980, "default": 724480}, "cpu_selection": {"status": "success", "snapshot_id": 191, "entry_count": 340, "excluded_count": 33}}
2026-04-27 16:37:26,362 [INFO] auto_runner_stopped total_runs=1 success=1 failed=0 stop_requested=False
2026-04-29 12:55:39,398 [INFO] auto_runner_started at=2026-04-29T12:55:39 interval_minutes=0 max_runs=0 continue_on_error=False
2026-04-29 12:55:39,401 [INFO] run_started run_no=1
2026-04-29 12:55:39,559 [INFO] scraper_task_started source=pckoubou_parts
2026-04-29 12:55:52,182 [INFO] カテゴリ=cpu, category_id=1899 のスクレイピング開始
2026-04-29 12:55:52,183 [INFO] スクレイピング中: https://www.pc-koubou.jp/products/list.php?category_id=1899&disp_number=30&pageno=1
2026-04-29 12:56:00,319 [INFO] category_id=1899 pageno=1: 12件取得（累計: 12件）
2026-04-29 12:56:00,320 [INFO] スクレイピング中: https://www.pc-koubou.jp/products/list.php?category_id=1899&disp_number=30&pageno=2
2026-04-29 12:56:03,693 [INFO] category_id=1899 pageno=2 で重複ID検出。最終ページ到達。
2026-04-29 12:56:03,694 [INFO] カテゴリ=cpu, category_id=1900 のスクレイピング開始
2026-04-29 12:56:03,694 [INFO] スクレイピング中: https://www.pc-koubou.jp/products/list.php?category_id=1900&disp_number=30&pageno=1
2026-04-29 12:56:05,178 [INFO] category_id=1900 pageno=1: 28件取得（累計: 40件）
2026-04-29 12:56:05,179 [INFO] スクレイピング中: https://www.pc-koubou.jp/products/list.php?category_id=1900&disp_number=30&pageno=2
2026-04-29 12:56:08,475 [INFO] category_id=1900 pageno=2 で重複ID検出。最終ページ到達。
2026-04-29 12:56:08,643 [INFO] カテゴリ=cpu 取得件数=40
2026-04-29 12:56:09,465 [INFO] カテゴリ=motherboard, category_id=1902 のスクレイピング開始
2026-04-29 12:56:09,465 [INFO] スクレイピング中: https://www.pc-koubou.jp/products/list.php?category_id=1902&disp_number=30&pageno=1
2026-04-29 12:56:14,647 [INFO] category_id=1902 pageno=1: 30件取得（累計: 30件）
2026-04-29 12:56:14,647 [INFO] スクレイピング中: https://www.pc-koubou.jp/products/list.php?category_id=1902&disp_number=30&pageno=2
2026-04-29 12:56:18,856 [INFO] category_id=1902 pageno=2 で重複ID検出。最終ページ到達。
2026-04-29 12:56:18,857 [INFO] カテゴリ=motherboard, category_id=1903 のスクレイピング開始
2026-04-29 12:56:18,857 [INFO] スクレイピング中: https://www.pc-koubou.jp/products/list.php?category_id=1903&disp_number=30&pageno=1
2026-04-29 12:56:22,494 [INFO] category_id=1903 pageno=1: 30件取得（累計: 60件）
2026-04-29 12:56:22,494 [INFO] スクレイピング中: https://www.pc-koubou.jp/products/list.php?category_id=1903&disp_number=30&pageno=2
2026-04-29 12:56:26,019 [INFO] category_id=1903 pageno=2: 30件取得（累計: 61件）
2026-04-29 12:56:26,019 [INFO] スクレイピング中: https://www.pc-koubou.jp/products/list.php?category_id=1903&disp_number=30&pageno=3
2026-04-29 12:56:29,591 [INFO] category_id=1903 pageno=3 で重複ID検出。最終ページ到達。
2026-04-29 12:56:29,697 [INFO] カテゴリ=motherboard 取得件数=61
2026-04-29 12:56:30,489 [INFO] カテゴリ=memory, category_id=1895 のスクレイピング開始
2026-04-29 12:56:30,489 [INFO] スクレイピング中: https://www.pc-koubou.jp/products/list.php?category_id=1895&disp_number=30&pageno=1
2026-04-29 12:56:35,240 [INFO] category_id=1895 pageno=1: 30件取得（累計: 30件）
2026-04-29 12:56:35,241 [INFO] スクレイピング中: https://www.pc-koubou.jp/products/list.php?category_id=1895&disp_number=30&pageno=2
2026-04-29 12:56:38,979 [INFO] category_id=1895 pageno=2 で重複ID検出。最終ページ到達。
2026-04-29 12:56:39,109 [INFO] カテゴリ=memory 取得件数=30
2026-04-29 12:56:40,037 [INFO] カテゴリ=ssd, category_id=2001 のスクレイピング開始
2026-04-29 12:56:40,037 [INFO] スクレイピング中: https://www.pc-koubou.jp/products/list.php?category_id=2001&disp_number=30&pageno=1
2026-04-29 12:56:45,479 [INFO] category_id=2001 pageno=1: 30件取得（累計: 30件）
2026-04-29 12:56:45,481 [INFO] スクレイピング中: https://www.pc-koubou.jp/products/list.php?category_id=2001&disp_number=30&pageno=2
2026-04-29 12:56:49,200 [INFO] category_id=2001 pageno=2 で重複ID検出。最終ページ到達。
2026-04-29 12:56:49,303 [INFO] カテゴリ=ssd 取得件数=30
2026-04-29 12:56:50,080 [INFO] カテゴリ=hdd, category_id=1911 のスクレイピング開始
2026-04-29 12:56:50,080 [INFO] スクレイピング中: https://www.pc-koubou.jp/products/list.php?category_id=1911&disp_number=30&pageno=1
2026-04-29 12:56:55,044 [INFO] category_id=1911 pageno=1: 30件取得（累計: 30件）
2026-04-29 12:56:55,044 [INFO] スクレイピング中: https://www.pc-koubou.jp/products/list.php?category_id=1911&disp_number=30&pageno=2
2026-04-29 12:56:58,658 [INFO] category_id=1911 pageno=2 で重複ID検出。最終ページ到達。
2026-04-29 12:56:58,759 [INFO] カテゴリ=hdd 取得件数=30
2026-04-29 12:56:59,545 [INFO] カテゴリ=hdd25, category_id=1912 のスクレイピング開始
2026-04-29 12:56:59,546 [INFO] スクレイピング中: https://www.pc-koubou.jp/products/list.php?category_id=1912&disp_number=30&pageno=1
2026-04-29 12:57:03,876 [INFO] category_id=1912 pageno=1: 商品なし（在庫ゼロ）。終了。
2026-04-29 12:57:03,974 [INFO] カテゴリ=hdd25 取得件数=0
2026-04-29 12:57:04,748 [INFO] カテゴリ=gpu, category_id=1904 のスクレイピング開始
2026-04-29 12:57:04,748 [INFO] スクレイピング中: https://www.pc-koubou.jp/products/list.php?category_id=1904&disp_number=30&pageno=1
2026-04-29 12:57:07,550 [INFO] category_id=1904 pageno=1: 30件取得（累計: 30件）
2026-04-29 12:57:07,550 [INFO] スクレイピング中: https://www.pc-koubou.jp/products/list.php?category_id=1904&disp_number=30&pageno=2
2026-04-29 12:57:11,243 [INFO] category_id=1904 pageno=2 で重複ID検出。最終ページ到達。
2026-04-29 12:57:11,348 [INFO] カテゴリ=gpu 取得件数=30
2026-04-29 12:57:12,193 [INFO] カテゴリ=psu, category_id=1943 のスクレイピング開始
2026-04-29 12:57:12,193 [INFO] スクレイピング中: https://www.pc-koubou.jp/products/list.php?category_id=1943&disp_number=30&pageno=1
2026-04-29 12:57:17,037 [INFO] category_id=1943 pageno=1: 30件取得（累計: 30件）
2026-04-29 12:57:17,037 [INFO] スクレイピング中: https://www.pc-koubou.jp/products/list.php?category_id=1943&disp_number=30&pageno=2
2026-04-29 12:57:20,608 [INFO] category_id=1943 pageno=2 で重複ID検出。最終ページ到達。
2026-04-29 12:57:20,716 [INFO] カテゴリ=psu 取得件数=30
2026-04-29 12:57:21,507 [INFO] カテゴリ=case, category_id=1921 のスクレイピング開始
2026-04-29 12:57:21,507 [INFO] スクレイピング中: https://www.pc-koubou.jp/products/list.php?category_id=1921&disp_number=30&pageno=1
2026-04-29 12:57:26,522 [INFO] category_id=1921 pageno=1: 30件取得（累計: 30件）
2026-04-29 12:57:26,522 [INFO] スクレイピング中: https://www.pc-koubou.jp/products/list.php?category_id=1921&disp_number=30&pageno=2
2026-04-29 12:57:30,106 [INFO] category_id=1921 pageno=2 で重複ID検出。最終ページ到達。
2026-04-29 12:57:30,219 [INFO] カテゴリ=case 取得件数=30
2026-04-29 12:57:30,988 [INFO] カテゴリ=cpu_cooler, category_id=1931 のスクレイピング開始
2026-04-29 12:57:30,988 [INFO] スクレイピング中: https://www.pc-koubou.jp/products/list.php?category_id=1931&disp_number=30&pageno=1
2026-04-29 12:57:36,056 [INFO] category_id=1931 pageno=1: 30件取得（累計: 30件）
2026-04-29 12:57:36,056 [INFO] スクレイピング中: https://www.pc-koubou.jp/products/list.php?category_id=1931&disp_number=30&pageno=2
2026-04-29 12:57:39,606 [INFO] category_id=1931 pageno=2 で重複ID検出。最終ページ到達。
2026-04-29 12:57:39,708 [INFO] カテゴリ=cpu_cooler 取得件数=30
2026-04-29 12:57:40,478 [INFO] カテゴリ=case_fan, category_id=1932 のスクレイピング開始
2026-04-29 12:57:40,478 [INFO] スクレイピング中: https://www.pc-koubou.jp/products/list.php?category_id=1932&disp_number=30&pageno=1
2026-04-29 12:57:45,788 [INFO] category_id=1932 pageno=1: 30件取得（累計: 30件）
2026-04-29 12:57:45,788 [INFO] スクレイピング中: https://www.pc-koubou.jp/products/list.php?category_id=1932&disp_number=30&pageno=2
2026-04-29 12:57:49,786 [INFO] category_id=1932 pageno=2 で重複ID検出。最終ページ到達。
2026-04-29 12:57:49,909 [INFO] カテゴリ=case_fan 取得件数=30
2026-04-29 12:57:50,694 [INFO] カテゴリ=os, 固定URL=https://www.pc-koubou.jp/goods/windows11_package.php のスクレイピング開始
2026-04-29 12:57:53,180 [INFO] カテゴリ=os 取得件数=2
2026-04-29 12:57:53,219 [ERROR] scraper_task_failed source=pckoubou_parts error=列scraper_pcpart.shop_codeは存在しません
LINE 1: ..."manufacturer_id", "scraper_pcpart"."model_code", "scraper_p...
                                                             ^
Traceback (most recent call last):
  File "F:\Python\Myportfolio2\.venv\Lib\site-packages\django\db\backends\utils.py", line 89, in _execute
    return self.cursor.execute(sql, params)
           ^^^^^^^^^^^^^^^^^^^^^^^^^^^^^^^^
psycopg2.errors.UndefinedColumn: 列scraper_pcpart.shop_codeは存在しません
LINE 1: ..."manufacturer_id", "scraper_pcpart"."model_code", "scraper_p...
                                                             ^


The above exception was the direct cause of the following exception:

Traceback (most recent call last):
  File "F:\Python\Myportfolio2\django\scraper\tasks.py", line 476, in run_scraper_task
    upserted, created = PCPart.objects.update_or_create(
                        ^^^^^^^^^^^^^^^^^^^^^^^^^^^^^^^^
  File "F:\Python\Myportfolio2\.venv\Lib\site-packages\django\db\models\manager.py", line 87, in manager_method
    return getattr(self.get_queryset(), name)(*args, **kwargs)
           ^^^^^^^^^^^^^^^^^^^^^^^^^^^^^^^^^^^^^^^^^^^^^^^^^^^
  File "F:\Python\Myportfolio2\.venv\Lib\site-packages\django\db\models\query.py", line 949, in update_or_create
    obj, created = self.select_for_update().get_or_create(defaults, **kwargs)
                   ^^^^^^^^^^^^^^^^^^^^^^^^^^^^^^^^^^^^^^^^^^^^^^^^^^^^^^^^^^
  File "F:\Python\Myportfolio2\.venv\Lib\site-packages\django\db\models\query.py", line 916, in get_or_create
    return self.get(**kwargs), False
           ^^^^^^^^^^^^^^^^^^
  File "F:\Python\Myportfolio2\.venv\Lib\site-packages\django\db\models\query.py", line 633, in get
    num = len(clone)
          ^^^^^^^^^^
  File "F:\Python\Myportfolio2\.venv\Lib\site-packages\django\db\models\query.py", line 380, in __len__
    self._fetch_all()
  File "F:\Python\Myportfolio2\.venv\Lib\site-packages\django\db\models\query.py", line 1881, in _fetch_all
    self._result_cache = list(self._iterable_class(self))
                         ^^^^^^^^^^^^^^^^^^^^^^^^^^^^^^^^
  File "F:\Python\Myportfolio2\.venv\Lib\site-packages\django\db\models\query.py", line 91, in __iter__
    results = compiler.execute_sql(
              ^^^^^^^^^^^^^^^^^^^^^
  File "F:\Python\Myportfolio2\.venv\Lib\site-packages\django\db\models\sql\compiler.py", line 1562, in execute_sql
    cursor.execute(sql, params)
  File "F:\Python\Myportfolio2\.venv\Lib\site-packages\django\db\backends\utils.py", line 67, in execute
    return self._execute_with_wrappers(
           ^^^^^^^^^^^^^^^^^^^^^^^^^^^^
  File "F:\Python\Myportfolio2\.venv\Lib\site-packages\django\db\backends\utils.py", line 80, in _execute_with_wrappers
    return executor(sql, params, many, context)
           ^^^^^^^^^^^^^^^^^^^^^^^^^^^^^^^^^^^^
  File "F:\Python\Myportfolio2\.venv\Lib\site-packages\django\db\backends\utils.py", line 84, in _execute
    with self.db.wrap_database_errors:
         ^^^^^^^^^^^^^^^^^^^^^^^^^^^^
  File "F:\Python\Myportfolio2\.venv\Lib\site-packages\django\db\utils.py", line 91, in __exit__
    raise dj_exc_value.with_traceback(traceback) from exc_value
  File "F:\Python\Myportfolio2\.venv\Lib\site-packages\django\db\backends\utils.py", line 89, in _execute
    return self.cursor.execute(sql, params)
           ^^^^^^^^^^^^^^^^^^^^^^^^^^^^^^^^
django.db.utils.ProgrammingError: 列scraper_pcpart.shop_codeは存在しません
LINE 1: ..."manufacturer_id", "scraper_pcpart"."model_code", "scraper_p...
                                                             ^

2026-04-29 12:57:53,296 [INFO] run_completed run_no=1 elapsed_sec=133.9 result={"status": "error", "message": "列scraper_pcpart.shop_codeは存在しません\nLINE 1: ...\"manufacturer_id\", \"scraper_pcpart\".\"model_code\", \"scraper_p...\n                                                             ^\n"}
2026-04-29 12:57:53,296 [INFO] auto_runner_stopped total_runs=1 success=1 failed=0 stop_requested=False
2026-04-29 13:04:58,468 [INFO] auto_runner_started at=2026-04-29T13:04:58 interval_minutes=0 max_runs=0 continue_on_error=False
2026-04-29 13:04:58,474 [INFO] run_started run_no=1
2026-04-29 13:04:58,641 [INFO] scraper_task_started source=pckoubou_parts
2026-04-29 13:04:59,494 [INFO] カテゴリ=cpu, category_id=1899 のスクレイピング開始
2026-04-29 13:04:59,494 [INFO] スクレイピング中: https://www.pc-koubou.jp/products/list.php?category_id=1899&disp_number=30&pageno=1
2026-04-29 13:05:04,554 [INFO] category_id=1899 pageno=1: 12件取得（累計: 12件）
2026-04-29 13:05:04,554 [INFO] スクレイピング中: https://www.pc-koubou.jp/products/list.php?category_id=1899&disp_number=30&pageno=2
2026-04-29 13:05:08,116 [INFO] category_id=1899 pageno=2 で重複ID検出。最終ページ到達。
2026-04-29 13:05:08,116 [INFO] カテゴリ=cpu, category_id=1900 のスクレイピング開始
2026-04-29 13:05:08,116 [INFO] スクレイピング中: https://www.pc-koubou.jp/products/list.php?category_id=1900&disp_number=30&pageno=1
2026-04-29 13:05:09,577 [INFO] category_id=1900 pageno=1: 28件取得（累計: 40件）
2026-04-29 13:05:09,577 [INFO] スクレイピング中: https://www.pc-koubou.jp/products/list.php?category_id=1900&disp_number=30&pageno=2
2026-04-29 13:05:12,885 [INFO] category_id=1900 pageno=2 で重複ID検出。最終ページ到達。
2026-04-29 13:05:13,000 [INFO] カテゴリ=cpu 取得件数=40
2026-04-29 13:05:13,794 [INFO] カテゴリ=motherboard, category_id=1902 のスクレイピング開始
2026-04-29 13:05:13,794 [INFO] スクレイピング中: https://www.pc-koubou.jp/products/list.php?category_id=1902&disp_number=30&pageno=1
2026-04-29 13:05:19,214 [INFO] category_id=1902 pageno=1: 30件取得（累計: 30件）
2026-04-29 13:05:19,214 [INFO] スクレイピング中: https://www.pc-koubou.jp/products/list.php?category_id=1902&disp_number=30&pageno=2
2026-04-29 13:05:23,310 [INFO] category_id=1902 pageno=2 で重複ID検出。最終ページ到達。
2026-04-29 13:05:23,310 [INFO] カテゴリ=motherboard, category_id=1903 のスクレイピング開始
2026-04-29 13:05:23,310 [INFO] スクレイピング中: https://www.pc-koubou.jp/products/list.php?category_id=1903&disp_number=30&pageno=1
2026-04-29 13:05:26,980 [INFO] category_id=1903 pageno=1: 30件取得（累計: 60件）
2026-04-29 13:05:26,980 [INFO] スクレイピング中: https://www.pc-koubou.jp/products/list.php?category_id=1903&disp_number=30&pageno=2
2026-04-29 13:05:30,307 [INFO] category_id=1903 pageno=2 で重複ID検出。最終ページ到達。
2026-04-29 13:05:30,415 [INFO] カテゴリ=motherboard 取得件数=60
2026-04-29 13:05:31,198 [INFO] カテゴリ=memory, category_id=1895 のスクレイピング開始
2026-04-29 13:05:31,200 [INFO] スクレイピング中: https://www.pc-koubou.jp/products/list.php?category_id=1895&disp_number=30&pageno=1
2026-04-29 13:05:36,183 [INFO] category_id=1895 pageno=1: 30件取得（累計: 30件）
2026-04-29 13:05:36,183 [INFO] スクレイピング中: https://www.pc-koubou.jp/products/list.php?category_id=1895&disp_number=30&pageno=2
2026-04-29 13:05:39,611 [INFO] category_id=1895 pageno=2 で重複ID検出。最終ページ到達。
2026-04-29 13:05:39,708 [INFO] カテゴリ=memory 取得件数=30
2026-04-29 13:05:40,491 [INFO] カテゴリ=ssd, category_id=2001 のスクレイピング開始
2026-04-29 13:05:40,491 [INFO] スクレイピング中: https://www.pc-koubou.jp/products/list.php?category_id=2001&disp_number=30&pageno=1
2026-04-29 13:05:45,834 [INFO] category_id=2001 pageno=1: 30件取得（累計: 30件）
2026-04-29 13:05:45,834 [INFO] スクレイピング中: https://www.pc-koubou.jp/products/list.php?category_id=2001&disp_number=30&pageno=2
2026-04-29 13:05:49,776 [INFO] category_id=2001 pageno=2 で重複ID検出。最終ページ到達。
2026-04-29 13:05:49,891 [INFO] カテゴリ=ssd 取得件数=30
2026-04-29 13:05:50,670 [INFO] カテゴリ=hdd, category_id=1911 のスクレイピング開始
2026-04-29 13:05:50,670 [INFO] スクレイピング中: https://www.pc-koubou.jp/products/list.php?category_id=1911&disp_number=30&pageno=1
2026-04-29 13:05:55,757 [INFO] category_id=1911 pageno=1: 30件取得（累計: 30件）
2026-04-29 13:05:55,757 [INFO] スクレイピング中: https://www.pc-koubou.jp/products/list.php?category_id=1911&disp_number=30&pageno=2
2026-04-29 13:05:59,462 [INFO] category_id=1911 pageno=2 で重複ID検出。最終ページ到達。
2026-04-29 13:05:59,575 [INFO] カテゴリ=hdd 取得件数=30
2026-04-29 13:06:00,386 [INFO] カテゴリ=hdd25, category_id=1912 のスクレイピング開始
2026-04-29 13:06:00,386 [INFO] スクレイピング中: https://www.pc-koubou.jp/products/list.php?category_id=1912&disp_number=30&pageno=1
2026-04-29 13:06:05,143 [INFO] category_id=1912 pageno=1: 商品なし（在庫ゼロ）。終了。
2026-04-29 13:06:05,252 [INFO] カテゴリ=hdd25 取得件数=0
2026-04-29 13:06:06,046 [INFO] カテゴリ=gpu, category_id=1904 のスクレイピング開始
2026-04-29 13:06:06,046 [INFO] スクレイピング中: https://www.pc-koubou.jp/products/list.php?category_id=1904&disp_number=30&pageno=1
2026-04-29 13:06:08,877 [INFO] category_id=1904 pageno=1: 30件取得（累計: 30件）
2026-04-29 13:06:08,878 [INFO] スクレイピング中: https://www.pc-koubou.jp/products/list.php?category_id=1904&disp_number=30&pageno=2
2026-04-29 13:06:12,861 [INFO] category_id=1904 pageno=2 で重複ID検出。最終ページ到達。
2026-04-29 13:06:12,974 [INFO] カテゴリ=gpu 取得件数=30
2026-04-29 13:06:13,881 [INFO] カテゴリ=psu, category_id=1943 のスクレイピング開始
2026-04-29 13:06:13,881 [INFO] スクレイピング中: https://www.pc-koubou.jp/products/list.php?category_id=1943&disp_number=30&pageno=1
2026-04-29 13:06:19,013 [INFO] category_id=1943 pageno=1: 30件取得（累計: 30件）
2026-04-29 13:06:19,014 [INFO] スクレイピング中: https://www.pc-koubou.jp/products/list.php?category_id=1943&disp_number=30&pageno=2
2026-04-29 13:06:22,547 [INFO] category_id=1943 pageno=2 で重複ID検出。最終ページ到達。
2026-04-29 13:06:22,651 [INFO] カテゴリ=psu 取得件数=30
2026-04-29 13:06:23,468 [INFO] カテゴリ=case, category_id=1921 のスクレイピング開始
2026-04-29 13:06:23,468 [INFO] スクレイピング中: https://www.pc-koubou.jp/products/list.php?category_id=1921&disp_number=30&pageno=1
2026-04-29 13:06:28,537 [INFO] category_id=1921 pageno=1: 30件取得（累計: 30件）
2026-04-29 13:06:28,537 [INFO] スクレイピング中: https://www.pc-koubou.jp/products/list.php?category_id=1921&disp_number=30&pageno=2
2026-04-29 13:06:32,226 [INFO] category_id=1921 pageno=2 で重複ID検出。最終ページ到達。
2026-04-29 13:06:32,347 [INFO] カテゴリ=case 取得件数=30
2026-04-29 13:06:33,137 [INFO] カテゴリ=cpu_cooler, category_id=1931 のスクレイピング開始
2026-04-29 13:06:33,137 [INFO] スクレイピング中: https://www.pc-koubou.jp/products/list.php?category_id=1931&disp_number=30&pageno=1
2026-04-29 13:06:38,278 [INFO] category_id=1931 pageno=1: 30件取得（累計: 30件）
2026-04-29 13:06:38,278 [INFO] スクレイピング中: https://www.pc-koubou.jp/products/list.php?category_id=1931&disp_number=30&pageno=2
2026-04-29 13:06:42,027 [INFO] category_id=1931 pageno=2 で重複ID検出。最終ページ到達。
2026-04-29 13:06:42,139 [INFO] カテゴリ=cpu_cooler 取得件数=30
2026-04-29 13:06:42,910 [INFO] カテゴリ=case_fan, category_id=1932 のスクレイピング開始
2026-04-29 13:06:42,910 [INFO] スクレイピング中: https://www.pc-koubou.jp/products/list.php?category_id=1932&disp_number=30&pageno=1
2026-04-29 13:06:48,094 [INFO] category_id=1932 pageno=1: 30件取得（累計: 30件）
2026-04-29 13:06:48,094 [INFO] スクレイピング中: https://www.pc-koubou.jp/products/list.php?category_id=1932&disp_number=30&pageno=2
2026-04-29 13:06:52,069 [INFO] category_id=1932 pageno=2 で重複ID検出。最終ページ到達。
2026-04-29 13:06:52,167 [INFO] カテゴリ=case_fan 取得件数=30
2026-04-29 13:06:52,925 [INFO] カテゴリ=os, 固定URL=https://www.pc-koubou.jp/goods/windows11_package.php のスクレイピング開始
2026-04-29 13:06:55,441 [INFO] カテゴリ=os 取得件数=2
2026-04-29 13:08:39,135 [INFO] auto_runner_started at=2026-04-29T13:08:39 interval_minutes=0 max_runs=0 continue_on_error=False
2026-04-29 13:08:39,140 [INFO] run_started run_no=1
2026-04-29 13:08:39,200 [INFO] scraper_task_started source=pckoubou_parts
2026-04-29 13:08:40,051 [INFO] カテゴリ=cpu, category_id=1899 のスクレイピング開始
2026-04-29 13:08:40,052 [INFO] スクレイピング中: https://www.pc-koubou.jp/products/list.php?category_id=1899&disp_number=30&pageno=1
2026-04-29 13:08:44,875 [INFO] category_id=1899 pageno=1: 12件取得（累計: 12件）
2026-04-29 13:08:44,875 [INFO] スクレイピング中: https://www.pc-koubou.jp/products/list.php?category_id=1899&disp_number=30&pageno=2
2026-04-29 13:08:48,459 [INFO] category_id=1899 pageno=2 で重複ID検出。最終ページ到達。
2026-04-29 13:08:48,460 [INFO] カテゴリ=cpu, category_id=1900 のスクレイピング開始
2026-04-29 13:08:48,460 [INFO] スクレイピング中: https://www.pc-koubou.jp/products/list.php?category_id=1900&disp_number=30&pageno=1
2026-04-29 13:08:50,018 [INFO] category_id=1900 pageno=1: 28件取得（累計: 40件）
2026-04-29 13:08:50,018 [INFO] スクレイピング中: https://www.pc-koubou.jp/products/list.php?category_id=1900&disp_number=30&pageno=2
2026-04-29 13:08:53,362 [INFO] category_id=1900 pageno=2 で重複ID検出。最終ページ到達。
2026-04-29 13:08:53,478 [INFO] カテゴリ=cpu 取得件数=40
2026-04-29 13:08:54,281 [INFO] カテゴリ=motherboard, category_id=1902 のスクレイピング開始
2026-04-29 13:08:54,281 [INFO] スクレイピング中: https://www.pc-koubou.jp/products/list.php?category_id=1902&disp_number=30&pageno=1
2026-04-29 13:08:59,538 [INFO] category_id=1902 pageno=1: 30件取得（累計: 30件）
2026-04-29 13:08:59,538 [INFO] スクレイピング中: https://www.pc-koubou.jp/products/list.php?category_id=1902&disp_number=30&pageno=2
2026-04-29 13:09:03,437 [INFO] category_id=1902 pageno=2 で重複ID検出。最終ページ到達。
2026-04-29 13:09:03,437 [INFO] カテゴリ=motherboard, category_id=1903 のスクレイピング開始
2026-04-29 13:09:03,438 [INFO] スクレイピング中: https://www.pc-koubou.jp/products/list.php?category_id=1903&disp_number=30&pageno=1
2026-04-29 13:09:06,978 [INFO] category_id=1903 pageno=1: 30件取得（累計: 60件）
2026-04-29 13:09:06,978 [INFO] スクレイピング中: https://www.pc-koubou.jp/products/list.php?category_id=1903&disp_number=30&pageno=2
2026-04-29 13:09:10,479 [INFO] category_id=1903 pageno=2 で重複ID検出。最終ページ到達。
2026-04-29 13:09:10,586 [INFO] カテゴリ=motherboard 取得件数=60
2026-04-29 13:09:11,352 [INFO] カテゴリ=memory, category_id=1895 のスクレイピング開始
2026-04-29 13:09:11,352 [INFO] スクレイピング中: https://www.pc-koubou.jp/products/list.php?category_id=1895&disp_number=30&pageno=1
2026-04-29 13:09:16,147 [INFO] category_id=1895 pageno=1: 30件取得（累計: 30件）
2026-04-29 13:09:16,148 [INFO] スクレイピング中: https://www.pc-koubou.jp/products/list.php?category_id=1895&disp_number=30&pageno=2
2026-04-29 13:09:19,694 [INFO] category_id=1895 pageno=2 で重複ID検出。最終ページ到達。
2026-04-29 13:09:19,801 [INFO] カテゴリ=memory 取得件数=30
2026-04-29 13:09:20,564 [INFO] カテゴリ=ssd, category_id=2001 のスクレイピング開始
2026-04-29 13:09:20,564 [INFO] スクレイピング中: https://www.pc-koubou.jp/products/list.php?category_id=2001&disp_number=30&pageno=1
2026-04-29 13:09:25,705 [INFO] category_id=2001 pageno=1: 30件取得（累計: 30件）
2026-04-29 13:09:25,705 [INFO] スクレイピング中: https://www.pc-koubou.jp/products/list.php?category_id=2001&disp_number=30&pageno=2
2026-04-29 13:09:29,828 [INFO] category_id=2001 pageno=2 で重複ID検出。最終ページ到達。
2026-04-29 13:09:29,948 [INFO] カテゴリ=ssd 取得件数=30
2026-04-29 13:09:30,736 [INFO] カテゴリ=hdd, category_id=1911 のスクレイピング開始
2026-04-29 13:09:30,736 [INFO] スクレイピング中: https://www.pc-koubou.jp/products/list.php?category_id=1911&disp_number=30&pageno=1
2026-04-29 13:09:35,595 [INFO] category_id=1911 pageno=1: 30件取得（累計: 30件）
2026-04-29 13:09:35,595 [INFO] スクレイピング中: https://www.pc-koubou.jp/products/list.php?category_id=1911&disp_number=30&pageno=2
2026-04-29 13:09:39,167 [INFO] category_id=1911 pageno=2 で重複ID検出。最終ページ到達。
2026-04-29 13:09:39,279 [INFO] カテゴリ=hdd 取得件数=30
2026-04-29 13:09:40,040 [INFO] カテゴリ=hdd25, category_id=1912 のスクレイピング開始
2026-04-29 13:09:40,040 [INFO] スクレイピング中: https://www.pc-koubou.jp/products/list.php?category_id=1912&disp_number=30&pageno=1
2026-04-29 13:09:44,510 [INFO] category_id=1912 pageno=1: 商品なし（在庫ゼロ）。終了。
2026-04-29 13:09:44,609 [INFO] カテゴリ=hdd25 取得件数=0
2026-04-29 13:09:45,392 [INFO] カテゴリ=gpu, category_id=1904 のスクレイピング開始
2026-04-29 13:09:45,393 [INFO] スクレイピング中: https://www.pc-koubou.jp/products/list.php?category_id=1904&disp_number=30&pageno=1
2026-04-29 13:09:47,041 [INFO] scraper_task_completed source=pckoubou_parts fetched=342 created=322 updated=20 normalized=190 merged=0 gpu_perf={'status': 'success', 'source': 'dospara_gpu_performance_page', 'entries': 103, 'snapshot_id': 6, 'saved_entries': 87, 'legacy_specs_sync_enabled': False, 'matched': 0, 'updated': 0, 'skipped': 0} market_range={'status': 'success', 'snapshot_id': 6, 'min': 198980, 'max': 1299980, 'default': 734480} cpu_selection={'status': 'success', 'snapshot_id': 6, 'entry_count': 340, 'excluded_count': 33}
2026-04-29 13:09:47,042 [INFO] run_completed run_no=1 elapsed_sec=288.57 result={"status": "success", "source": "pckoubou_parts", "fetched": 342, "created": 322, "updated": 20, "normalized": 190, "merged": 0, "gpu_perf": {"status": "success", "source": "dospara_gpu_performance_page", "entries": 103, "snapshot_id": 6, "saved_entries": 87, "legacy_specs_sync_enabled": false, "matched": 0, "updated": 0, "skipped": 0}, "market_range": {"status": "success", "snapshot_id": 6, "min": 198980, "max": 1299980, "default": 734480}, "cpu_selection": {"status": "success", "snapshot_id": 6, "entry_count": 340, "excluded_count": 33}}
2026-04-29 13:09:47,043 [INFO] auto_runner_stopped total_runs=1 success=1 failed=0 stop_requested=False
2026-04-29 13:09:48,210 [INFO] category_id=1904 pageno=1: 30件取得（累計: 30件）
2026-04-29 13:09:48,211 [INFO] スクレイピング中: https://www.pc-koubou.jp/products/list.php?category_id=1904&disp_number=30&pageno=2
2026-04-29 13:09:52,002 [INFO] category_id=1904 pageno=2 で重複ID検出。最終ページ到達。
2026-04-29 13:09:52,112 [INFO] カテゴリ=gpu 取得件数=30
2026-04-29 13:09:52,885 [INFO] カテゴリ=psu, category_id=1943 のスクレイピング開始
2026-04-29 13:09:52,885 [INFO] スクレイピング中: https://www.pc-koubou.jp/products/list.php?category_id=1943&disp_number=30&pageno=1
2026-04-29 13:09:57,868 [INFO] category_id=1943 pageno=1: 30件取得（累計: 30件）
2026-04-29 13:09:57,868 [INFO] スクレイピング中: https://www.pc-koubou.jp/products/list.php?category_id=1943&disp_number=30&pageno=2
2026-04-29 13:10:01,370 [INFO] category_id=1943 pageno=2 で重複ID検出。最終ページ到達。
2026-04-29 13:10:01,469 [INFO] カテゴリ=psu 取得件数=30
2026-04-29 13:10:02,229 [INFO] カテゴリ=case, category_id=1921 のスクレイピング開始
2026-04-29 13:10:02,229 [INFO] スクレイピング中: https://www.pc-koubou.jp/products/list.php?category_id=1921&disp_number=30&pageno=1
2026-04-29 13:10:08,850 [INFO] category_id=1921 pageno=1: 30件取得（累計: 30件）
2026-04-29 13:10:08,850 [INFO] スクレイピング中: https://www.pc-koubou.jp/products/list.php?category_id=1921&disp_number=30&pageno=2
2026-04-29 13:10:12,558 [INFO] category_id=1921 pageno=2 で重複ID検出。最終ページ到達。
2026-04-29 13:10:12,660 [INFO] カテゴリ=case 取得件数=30
2026-04-29 13:10:13,425 [INFO] カテゴリ=cpu_cooler, category_id=1931 のスクレイピング開始
2026-04-29 13:10:13,425 [INFO] スクレイピング中: https://www.pc-koubou.jp/products/list.php?category_id=1931&disp_number=30&pageno=1
2026-04-29 13:10:18,799 [INFO] category_id=1931 pageno=1: 30件取得（累計: 30件）
2026-04-29 13:10:18,800 [INFO] スクレイピング中: https://www.pc-koubou.jp/products/list.php?category_id=1931&disp_number=30&pageno=2
2026-04-29 13:10:22,559 [INFO] category_id=1931 pageno=2 で重複ID検出。最終ページ到達。
2026-04-29 13:10:22,671 [INFO] カテゴリ=cpu_cooler 取得件数=30
2026-04-29 13:10:23,432 [INFO] カテゴリ=case_fan, category_id=1932 のスクレイピング開始
2026-04-29 13:10:23,432 [INFO] スクレイピング中: https://www.pc-koubou.jp/products/list.php?category_id=1932&disp_number=30&pageno=1
2026-04-29 13:10:28,667 [INFO] category_id=1932 pageno=1: 30件取得（累計: 30件）
2026-04-29 13:10:28,667 [INFO] スクレイピング中: https://www.pc-koubou.jp/products/list.php?category_id=1932&disp_number=30&pageno=2
2026-04-29 13:10:32,535 [INFO] category_id=1932 pageno=2 で重複ID検出。最終ページ到達。
2026-04-29 13:10:32,637 [INFO] カテゴリ=case_fan 取得件数=30
2026-04-29 13:10:33,418 [INFO] カテゴリ=os, 固定URL=https://www.pc-koubou.jp/goods/windows11_package.php のスクレイピング開始
2026-04-29 13:10:35,850 [INFO] カテゴリ=os 取得件数=2
2026-04-29 13:10:36,169 [ERROR] scraper_task_failed source=pckoubou_parts error=重複したキー値は一意性制約"uq_pcpart_dospara_code_not_blank"違反となります
DETAIL:  キー (shop_code)=(1194484) はすでに存在します。
Traceback (most recent call last):
  File "F:\Python\Myportfolio2\.venv\Lib\site-packages\django\db\models\query.py", line 916, in get_or_create
    return self.get(**kwargs), False
           ^^^^^^^^^^^^^^^^^^
  File "F:\Python\Myportfolio2\.venv\Lib\site-packages\django\db\models\query.py", line 637, in get
    raise self.model.DoesNotExist(
scraper.models.PCPart.DoesNotExist: PCPart matching query does not exist.

During handling of the above exception, another exception occurred:

Traceback (most recent call last):
  File "F:\Python\Myportfolio2\.venv\Lib\site-packages\django\db\backends\utils.py", line 89, in _execute
    return self.cursor.execute(sql, params)
           ^^^^^^^^^^^^^^^^^^^^^^^^^^^^^^^^
psycopg2.errors.UniqueViolation: 重複したキー値は一意性制約"uq_pcpart_dospara_code_not_blank"違反となります
DETAIL:  キー (shop_code)=(1194484) はすでに存在します。


The above exception was the direct cause of the following exception:

Traceback (most recent call last):
  File "F:\Python\Myportfolio2\django\scraper\tasks.py", line 476, in run_scraper_task
    upserted, created = PCPart.objects.update_or_create(
                        ^^^^^^^^^^^^^^^^^^^^^^^^^^^^^^^^
  File "F:\Python\Myportfolio2\.venv\Lib\site-packages\django\db\models\manager.py", line 87, in manager_method
    return getattr(self.get_queryset(), name)(*args, **kwargs)
           ^^^^^^^^^^^^^^^^^^^^^^^^^^^^^^^^^^^^^^^^^^^^^^^^^^^
  File "F:\Python\Myportfolio2\.venv\Lib\site-packages\django\db\models\query.py", line 949, in update_or_create
    obj, created = self.select_for_update().get_or_create(defaults, **kwargs)
                   ^^^^^^^^^^^^^^^^^^^^^^^^^^^^^^^^^^^^^^^^^^^^^^^^^^^^^^^^^^
  File "F:\Python\Myportfolio2\.venv\Lib\site-packages\django\db\models\query.py", line 923, in get_or_create
    return self.create(**params), True
           ^^^^^^^^^^^^^^^^^^^^^
  File "F:\Python\Myportfolio2\.venv\Lib\site-packages\django\db\models\query.py", line 658, in create
    obj.save(force_insert=True, using=self.db)
  File "F:\Python\Myportfolio2\django\scraper\models.py", line 185, in save
    super().save(*args, **kwargs)
  File "F:\Python\Myportfolio2\.venv\Lib\site-packages\django\db\models\base.py", line 814, in save
    self.save_base(
  File "F:\Python\Myportfolio2\.venv\Lib\site-packages\django\db\models\base.py", line 877, in save_base
    updated = self._save_table(
              ^^^^^^^^^^^^^^^^^
  File "F:\Python\Myportfolio2\.venv\Lib\site-packages\django\db\models\base.py", line 1020, in _save_table
    results = self._do_insert(
              ^^^^^^^^^^^^^^^^
  File "F:\Python\Myportfolio2\.venv\Lib\site-packages\django\db\models\base.py", line 1061, in _do_insert
    return manager._insert(
           ^^^^^^^^^^^^^^^^
  File "F:\Python\Myportfolio2\.venv\Lib\site-packages\django\db\models\manager.py", line 87, in manager_method
    return getattr(self.get_queryset(), name)(*args, **kwargs)
           ^^^^^^^^^^^^^^^^^^^^^^^^^^^^^^^^^^^^^^^^^^^^^^^^^^^
  File "F:\Python\Myportfolio2\.venv\Lib\site-packages\django\db\models\query.py", line 1805, in _insert
    return query.get_compiler(using=using).execute_sql(returning_fields)
           ^^^^^^^^^^^^^^^^^^^^^^^^^^^^^^^^^^^^^^^^^^^^^^^^^^^^^^^^^^^^^
  File "F:\Python\Myportfolio2\.venv\Lib\site-packages\django\db\models\sql\compiler.py", line 1822, in execute_sql
    cursor.execute(sql, params)
  File "F:\Python\Myportfolio2\.venv\Lib\site-packages\django\db\backends\utils.py", line 67, in execute
    return self._execute_with_wrappers(
           ^^^^^^^^^^^^^^^^^^^^^^^^^^^^
  File "F:\Python\Myportfolio2\.venv\Lib\site-packages\django\db\backends\utils.py", line 80, in _execute_with_wrappers
    return executor(sql, params, many, context)
           ^^^^^^^^^^^^^^^^^^^^^^^^^^^^^^^^^^^^
  File "F:\Python\Myportfolio2\.venv\Lib\site-packages\django\db\backends\utils.py", line 84, in _execute
    with self.db.wrap_database_errors:
         ^^^^^^^^^^^^^^^^^^^^^^^^^^^^
  File "F:\Python\Myportfolio2\.venv\Lib\site-packages\django\db\utils.py", line 91, in __exit__
    raise dj_exc_value.with_traceback(traceback) from exc_value
  File "F:\Python\Myportfolio2\.venv\Lib\site-packages\django\db\backends\utils.py", line 89, in _execute
    return self.cursor.execute(sql, params)
           ^^^^^^^^^^^^^^^^^^^^^^^^^^^^^^^^
django.db.utils.IntegrityError: 重複したキー値は一意性制約"uq_pcpart_dospara_code_not_blank"違反となります
DETAIL:  キー (shop_code)=(1194484) はすでに存在します。

2026-04-29 13:10:36,190 [INFO] run_completed run_no=1 elapsed_sec=117.04 result={"status": "error", "message": "重複したキー値は一意性制約\"uq_pcpart_dospara_code_not_blank\"違反となります\nDETAIL:  キー (shop_code)=(1194484) はすでに存在します。\n"}
2026-04-29 13:10:36,191 [INFO] auto_runner_stopped total_runs=1 success=1 failed=0 stop_requested=False
